{"total": {"lines":{"total":553,"covered":477,"skipped":0,"pct":86.25},"statements":{"total":630,"covered":545,"skipped":0,"pct":86.5},"functions":{"total":110,"covered":102,"skipped":0,"pct":92.72},"branches":{"total":406,"covered":319,"skipped":0,"pct":78.57},"branchesTrue":{"total":0,"covered":0,"skipped":0,"pct":100}}
,"C:\\CodeSpace\\frootai\\npm-mcp\\src\\server.ts": {"lines":{"total":41,"covered":25,"skipped":0,"pct":60.97},"functions":{"total":8,"covered":6,"skipped":0,"pct":75},"statements":{"total":51,"covered":29,"skipped":0,"pct":56.86},"branches":{"total":43,"covered":22,"skipped":0,"pct":51.16}}
,"C:\\CodeSpace\\frootai\\npm-mcp\\src\\capabilities\\elicitation.ts": {"lines":{"total":15,"covered":15,"skipped":0,"pct":100},"functions":{"total":1,"covered":1,"skipped":0,"pct":100},"statements":{"total":20,"covered":20,"skipped":0,"pct":100},"branches":{"total":12,"covered":12,"skipped":0,"pct":100}}
,"C:\\CodeSpace\\frootai\\npm-mcp\\src\\capabilities\\sampling.ts": {"lines":{"total":6,"covered":6,"skipped":0,"pct":100},"functions":{"total":1,"covered":1,"skipped":0,"pct":100},"statements":{"total":6,"covered":6,"skipped":0,"pct":100},"branches":{"total":14,"covered":12,"skipped":0,"pct":85.71}}
,"C:\\CodeSpace\\frootai\\npm-mcp\\src\\knowledge\\index.ts": {"lines":{"total":79,"covered":78,"skipped":0,"pct":98.73},"functions":{"total":11,"covered":9,"skipped":0,"pct":81.81},"statements":{"total":91,"covered":89,"skipped":0,"pct":97.8},"branches":{"total":45,"covered":40,"skipped":0,"pct":88.88}}
,"C:\\CodeSpace\\frootai\\npm-mcp\\src\\middleware\\index.ts": {"lines":{"total":41,"covered":41,"skipped":0,"pct":100},"functions":{"total":11,"covered":11,"skipped":0,"pct":100},"statements":{"total":55,"covered":55,"skipped":0,"pct":100},"branches":{"total":26,"covered":25,"skipped":0,"pct":96.15}}
,"C:\\CodeSpace\\frootai\\npm-mcp\\src\\prompts\\index.ts": {"lines":{"total":7,"covered":7,"skipped":0,"pct":100},"functions":{"total":6,"covered":6,"skipped":0,"pct":100},"statements":{"total":7,"covered":7,"skipped":0,"pct":100},"branches":{"total":10,"covered":10,"skipped":0,"pct":100}}
,"C:\\CodeSpace\\frootai\\npm-mcp\\src\\resources\\index.ts": {"lines":{"total":8,"covered":7,"skipped":0,"pct":87.5},"functions":{"total":10,"covered":9,"skipped":0,"pct":90},"statements":{"total":10,"covered":9,"skipped":0,"pct":90},"branches":{"total":2,"covered":2,"skipped":0,"pct":100}}
,"C:\\CodeSpace\\frootai\\npm-mcp\\src\\telemetry\\index.ts": {"lines":{"total":56,"covered":44,"skipped":0,"pct":78.57},"functions":{"total":10,"covered":10,"skipped":0,"pct":100},"statements":{"total":58,"covered":46,"skipped":0,"pct":79.31},"branches":{"total":18,"covered":9,"skipped":0,"pct":50}}
,"C:\\CodeSpace\\frootai\\npm-mcp\\src\\tools\\ecosystem.ts": {"lines":{"total":24,"covered":24,"skipped":0,"pct":100},"functions":{"total":9,"covered":9,"skipped":0,"pct":100},"statements":{"total":31,"covered":31,"skipped":0,"pct":100},"branches":{"total":15,"covered":14,"skipped":0,"pct":93.33}}
,"C:\\CodeSpace\\frootai\\npm-mcp\\src\\tools\\engine.ts": {"lines":{"total":55,"covered":55,"skipped":0,"pct":100},"functions":{"total":5,"covered":5,"skipped":0,"pct":100},"statements":{"total":60,"covered":60,"skipped":0,"pct":100},"branches":{"total":69,"covered":64,"skipped":0,"pct":92.75}}
,"C:\\CodeSpace\\frootai\\npm-mcp\\src\\tools\\index.ts": {"lines":{"total":0,"covered":0,"skipped":0,"pct":100},"functions":{"total":0,"covered":0,"skipped":0,"pct":100},"statements":{"total":0,"covered":0,"skipped":0,"pct":100},"branches":{"total":0,"covered":0,"skipped":0,"pct":100}}
,"C:\\CodeSpace\\frootai\\npm-mcp\\src\\tools\\knowledge.ts": {"lines":{"total":75,"covered":67,"skipped":0,"pct":89.33},"functions":{"total":10,"covered":8,"skipped":0,"pct":80},"statements":{"total":83,"covered":74,"skipped":0,"pct":89.15},"branches":{"total":45,"covered":37,"skipped":0,"pct":82.22}}
,"C:\\CodeSpace\\frootai\\npm-mcp\\src\\tools\\marketplace.ts": {"lines":{"total":95,"covered":57,"skipped":0,"pct":60},"functions":{"total":20,"covered":19,"skipped":0,"pct":95},"statements":{"total":106,"covered":67,"skipped":0,"pct":63.2},"branches":{"total":74,"covered":40,"skipped":0,"pct":54.05}}
,"C:\\CodeSpace\\frootai\\npm-mcp\\src\\tools\\scaffold.ts": {"lines":{"total":51,"covered":51,"skipped":0,"pct":100},"functions":{"total":8,"covered":8,"skipped":0,"pct":100},"statements":{"total":52,"covered":52,"skipped":0,"pct":100},"branches":{"total":33,"covered":32,"skipped":0,"pct":96.96}}
,"C:\\CodeSpace\\frootai\\npm-mcp\\src\\types\\engine.ts": {"lines":{"total":0,"covered":0,"skipped":0,"pct":100},"functions":{"total":0,"covered":0,"skipped":0,"pct":100},"statements":{"total":0,"covered":0,"skipped":0,"pct":100},"branches":{"total":0,"covered":0,"skipped":0,"pct":100}}
,"C:\\CodeSpace\\frootai\\npm-mcp\\src\\types\\index.ts": {"lines":{"total":0,"covered":0,"skipped":0,"pct":100},"functions":{"total":0,"covered":0,"skipped":0,"pct":100},"statements":{"total":0,"covered":0,"skipped":0,"pct":100},"branches":{"total":0,"covered":0,"skipped":0,"pct":100}}
,"C:\\CodeSpace\\frootai\\npm-mcp\\src\\types\\knowledge.ts": {"lines":{"total":0,"covered":0,"skipped":0,"pct":100},"functions":{"total":0,"covered":0,"skipped":0,"pct":100},"statements":{"total":0,"covered":0,"skipped":0,"pct":100},"branches":{"total":0,"covered":0,"skipped":0,"pct":100}}
,"C:\\CodeSpace\\frootai\\npm-mcp\\src\\types\\plays.ts": {"lines":{"total":0,"covered":0,"skipped":0,"pct":100},"functions":{"total":0,"covered":0,"skipped":0,"pct":100},"statements":{"total":0,"covered":0,"skipped":0,"pct":100},"branches":{"total":0,"covered":0,"skipped":0,"pct":100}}
}
